<?xml version="1.0" encoding="UTF-8"?>
<testsuite xmlns:xsi="http://www.w3.org/2001/XMLSchema-instance" xsi:noNamespaceSchemaLocation="https://maven.apache.org/surefire/maven-surefire-plugin/xsd/surefire-test-report.xsd" name="com.schneider_electric.quickstart.AppTest" time="0.026" tests="1" errors="0" skipped="0" failures="0">
  <properties>
    <property name="sun.desktop" value="windows"/>
    <property name="awt.toolkit" value="sun.awt.windows.WToolkit"/>
    <property name="file.encoding.pkg" value="sun.io"/>
    <property name="java.specification.version" value="1.8"/>
    <property name="sun.cpu.isalist" value="amd64"/>
    <property name="sun.jnu.encoding" value="Cp1252"/>
    <property name="java.class.path" value="D:\git\vergen\quickstart\target\test-classes;D:\git\vergen\quickstart\target\classes;C:\Users\SESA98956\.m2\repository\junit\junit\4.11\junit-4.11.jar;C:\Users\SESA98956\.m2\repository\org\hamcrest\hamcrest-core\1.3\hamcrest-core-1.3.jar;C:\Users\SESA98956\.m2\repository\com\hubspot\jinjava\jinjava\2.5.3\jinjava-2.5.3.jar;C:\Users\SESA98956\.m2\repository\org\slf4j\slf4j-api\1.7.25\slf4j-api-1.7.25.jar;C:\Users\SESA98956\.m2\repository\com\google\guava\guava\25.0-jre\guava-25.0-jre.jar;C:\Users\SESA98956\.m2\repository\org\checkerframework\checker-compat-qual\2.0.0\checker-compat-qual-2.0.0.jar;C:\Users\SESA98956\.m2\repository\com\google\errorprone\error_prone_annotations\2.1.3\error_prone_annotations-2.1.3.jar;C:\Users\SESA98956\.m2\repository\com\google\j2objc\j2objc-annotations\1.1\j2objc-annotations-1.1.jar;C:\Users\SESA98956\.m2\repository\org\codehaus\mojo\animal-sniffer-annotations\1.14\animal-sniffer-annotations-1.14.jar;C:\Users\SESA98956\.m2\repository\org\javassist\javassist\3.24.1-GA\javassist-3.24.1-GA.jar;C:\Users\SESA98956\.m2\repository\org\jsoup\jsoup\1.10.3\jsoup-1.10.3.jar;C:\Users\SESA98956\.m2\repository\com\google\re2j\re2j\1.2\re2j-1.2.jar;C:\Users\SESA98956\.m2\repository\org\apache\commons\commons-lang3\3.9\commons-lang3-3.9.jar;C:\Users\SESA98956\.m2\repository\commons-net\commons-net\3.3\commons-net-3.3.jar;C:\Users\SESA98956\.m2\repository\com\google\code\findbugs\annotations\3.0.1\annotations-3.0.1.jar;C:\Users\SESA98956\.m2\repository\com\fasterxml\jackson\core\jackson-annotations\2.7.9\jackson-annotations-2.7.9.jar;C:\Users\SESA98956\.m2\repository\com\fasterxml\jackson\core\jackson-databind\2.7.9.5\jackson-databind-2.7.9.5.jar;C:\Users\SESA98956\.m2\repository\com\fasterxml\jackson\core\jackson-core\2.7.9\jackson-core-2.7.9.jar;C:\Users\SESA98956\.m2\repository\ch\obermuhlner\big-math\2.0.0\big-math-2.0.0.jar;"/>
    <property name="java.vm.vendor" value="Oracle Corporation"/>
    <property name="sun.arch.data.model" value="64"/>
    <property name="user.variant" value=""/>
    <property name="java.vendor.url" value="http://java.oracle.com/"/>
    <property name="user.timezone" value="Europe/Berlin"/>
    <property name="java.vm.specification.version" value="1.8"/>
    <property name="os.name" value="Windows 10"/>
    <property name="user.country" value="DE"/>
    <property name="sun.java.launcher" value="SUN_STANDARD"/>
    <property name="sun.boot.library.path" value="C:\Program Files\Java\jdk1.8.0_271\jre\bin"/>
    <property name="sun.java.command" value="C:\Users\SESA98~1\AppData\Local\Temp\surefire3002734304058903679\surefirebooter1539839451416625313.jar C:\Users\SESA98956\AppData\Local\Temp\surefire3002734304058903679 2020-10-22T17-41-32_521-jvmRun1 surefire7432657285121954845tmp surefire_07764693799245809093tmp"/>
    <property name="surefire.test.class.path" value="D:\git\vergen\quickstart\target\test-classes;D:\git\vergen\quickstart\target\classes;C:\Users\SESA98956\.m2\repository\junit\junit\4.11\junit-4.11.jar;C:\Users\SESA98956\.m2\repository\org\hamcrest\hamcrest-core\1.3\hamcrest-core-1.3.jar;C:\Users\SESA98956\.m2\repository\com\hubspot\jinjava\jinjava\2.5.3\jinjava-2.5.3.jar;C:\Users\SESA98956\.m2\repository\org\slf4j\slf4j-api\1.7.25\slf4j-api-1.7.25.jar;C:\Users\SESA98956\.m2\repository\com\google\guava\guava\25.0-jre\guava-25.0-jre.jar;C:\Users\SESA98956\.m2\repository\org\checkerframework\checker-compat-qual\2.0.0\checker-compat-qual-2.0.0.jar;C:\Users\SESA98956\.m2\repository\com\google\errorprone\error_prone_annotations\2.1.3\error_prone_annotations-2.1.3.jar;C:\Users\SESA98956\.m2\repository\com\google\j2objc\j2objc-annotations\1.1\j2objc-annotations-1.1.jar;C:\Users\SESA98956\.m2\repository\org\codehaus\mojo\animal-sniffer-annotations\1.14\animal-sniffer-annotations-1.14.jar;C:\Users\SESA98956\.m2\repository\org\javassist\javassist\3.24.1-GA\javassist-3.24.1-GA.jar;C:\Users\SESA98956\.m2\repository\org\jsoup\jsoup\1.10.3\jsoup-1.10.3.jar;C:\Users\SESA98956\.m2\repository\com\google\re2j\re2j\1.2\re2j-1.2.jar;C:\Users\SESA98956\.m2\repository\org\apache\commons\commons-lang3\3.9\commons-lang3-3.9.jar;C:\Users\SESA98956\.m2\repository\commons-net\commons-net\3.3\commons-net-3.3.jar;C:\Users\SESA98956\.m2\repository\com\google\code\findbugs\annotations\3.0.1\annotations-3.0.1.jar;C:\Users\SESA98956\.m2\repository\com\fasterxml\jackson\core\jackson-annotations\2.7.9\jackson-annotations-2.7.9.jar;C:\Users\SESA98956\.m2\repository\com\fasterxml\jackson\core\jackson-databind\2.7.9.5\jackson-databind-2.7.9.5.jar;C:\Users\SESA98956\.m2\repository\com\fasterxml\jackson\core\jackson-core\2.7.9\jackson-core-2.7.9.jar;C:\Users\SESA98956\.m2\repository\ch\obermuhlner\big-math\2.0.0\big-math-2.0.0.jar;"/>
    <property name="sun.cpu.endian" value="little"/>
    <property name="user.home" value="C:\Users\SESA98956"/>
    <property name="user.language" value="de"/>
    <property name="java.specification.vendor" value="Oracle Corporation"/>
    <property name="java.home" value="C:\Program Files\Java\jdk1.8.0_271\jre"/>
    <property name="basedir" value="D:\git\vergen\quickstart"/>
    <property name="file.separator" value="\"/>
    <property name="line.separator" value="&#10;"/>
    <property name="java.vm.specification.vendor" value="Oracle Corporation"/>
    <property name="java.specification.name" value="Java Platform API Specification"/>
    <property name="java.awt.graphicsenv" value="sun.awt.Win32GraphicsEnvironment"/>
    <property name="surefire.real.class.path" value="C:\Users\SESA98~1\AppData\Local\Temp\surefire3002734304058903679\surefirebooter1539839451416625313.jar"/>
    <property name="sun.boot.class.path" value="C:\Program Files\Java\jdk1.8.0_271\jre\lib\resources.jar;C:\Program Files\Java\jdk1.8.0_271\jre\lib\rt.jar;C:\Program Files\Java\jdk1.8.0_271\jre\lib\sunrsasign.jar;C:\Program Files\Java\jdk1.8.0_271\jre\lib\jsse.jar;C:\Program Files\Java\jdk1.8.0_271\jre\lib\jce.jar;C:\Program Files\Java\jdk1.8.0_271\jre\lib\charsets.jar;C:\Program Files\Java\jdk1.8.0_271\jre\lib\jfr.jar;C:\Program Files\Java\jdk1.8.0_271\jre\classes"/>
    <property name="user.script" value=""/>
    <property name="sun.management.compiler" value="HotSpot 64-Bit Tiered Compilers"/>
    <property name="java.runtime.version" value="1.8.0_271-b09"/>
    <property name="user.name" value="SESA98956"/>
    <property name="path.separator" value=";"/>
    <property name="os.version" value="10.0"/>
    <property name="java.endorsed.dirs" value="C:\Program Files\Java\jdk1.8.0_271\jre\lib\endorsed"/>
    <property name="java.runtime.name" value="Java(TM) SE Runtime Environment"/>
    <property name="file.encoding" value="Cp1252"/>
    <property name="java.vm.name" value="Java HotSpot(TM) 64-Bit Server VM"/>
    <property name="localRepository" value="C:\Users\SESA98956\.m2\repository"/>
    <property name="java.vendor.url.bug" value="http://bugreport.sun.com/bugreport/"/>
    <property name="java.io.tmpdir" value="C:\Users\SESA98~1\AppData\Local\Temp\"/>
    <property name="java.version" value="1.8.0_271"/>
    <property name="user.dir" value="D:\git\vergen\quickstart"/>
    <property name="os.arch" value="amd64"/>
    <property name="java.vm.specification.name" value="Java Virtual Machine Specification"/>
    <property name="java.awt.printerjob" value="sun.awt.windows.WPrinterJob"/>
    <property name="sun.os.patch.level" value=""/>
    <property name="java.library.path" value="C:\Program Files\Java\jdk1.8.0_271\jre\bin;C:\WINDOWS\Sun\Java\bin;C:\WINDOWS\system32;C:\WINDOWS;C:/Program Files/Java/jre1.8.0_271/bin/server;C:/Program Files/Java/jre1.8.0_271/bin;C:/Program Files/Java/jre1.8.0_271/lib/amd64;C:\Program Files (x86)\Common Files\Oracle\Java\javapath;C:\ProgramData\Oracle\Java\javapath;C:\WINDOWS\system32;C:\WINDOWS;C:\WINDOWS\System32\Wbem;C:\WINDOWS\System32\WindowsPowerShell\v1.0\;C:\Program Files (x86)\Schneider Electric\SoMachine Software\Tools\ConfigurationManager\;C:\Program Files\MiKTeX 2.9\miktex\bin\x64\;C:\Program Files (x86)\MiKTeX 2.9\miktex\bin\;C:\Program Files (x86)\Windows Imaging\;C:\WINDOWS\System32\OpenSSH\;C:\Program Files (x86)\Schneider Electric\Machine Expert Installer\;C:\Program Files (x86)\Common Files\Schneider Electric Shared\DTM_AdvantysOTB\Bin;C:\Program Files\dotnet\;C:\Program Files\CMake\bin;C:\Program Files\Intel\WiFi\bin\;C:\Program Files\Common Files\Intel\WirelessCommon\;C:\Program Files\Git\cmd;C:\Program Files\1E\Client\Extensibility\NomadBranch;C:\Program Files\TortoiseGit\bin;C:\Program Files (x86)\Intel\Intel(R) Management Engine Components\DAL;C:\Program Files\Intel\Intel(R) Management Engine Components\DAL;C:\Program Files\TortoiseSVN\bin;C:\Users\SESA98956\AppData\Local\Programs\Python\Python38\Scripts\;C:\Users\SESA98956\AppData\Local\Programs\Python\Python38\;C:\Users\SESA98956\AppData\Local\Microsoft\WindowsApps;C:\Users\SESA98956\AppData\Local\Programs\Python\Python36;C:\Users\SESA98956\AppData\Local\atom\atom.exe;C:\Program Files\Intel\WiFi\bin\;C:\Program Files\dos2unix-7.4.0-win64\bin;C:\Program Files\Common Files\Intel\WirelessCommon\;C:\Program Files (x86)\Nmap;C:\Users\SESA98956\AppData\Local\Microsoft\WindowsApps;C:\Program Files (x86)\sqlite-tools-win32-x86-3300100;C:\Users\SESA98956\AppData\Local\atom\bin;C:\Users\SESA98956\AppData\Local\GitHubDesktop\bin;C:\Users\SESA98956\AppData\Local\Pandoc\;C:\Users\SESA98956\.dotnet\tools;C:\Users\SESA98956\AppData\Local\Box\Box Edit\;C:\Users\SESA98956\Desktop;;."/>
    <property name="java.vm.info" value="mixed mode"/>
    <property name="java.vendor" value="Oracle Corporation"/>
    <property name="java.vm.version" value="25.271-b09"/>
    <property name="java.ext.dirs" value="C:\Program Files\Java\jdk1.8.0_271\jre\lib\ext;C:\WINDOWS\Sun\Java\lib\ext"/>
    <property name="sun.io.unicode.encoding" value="UnicodeLittle"/>
    <property name="java.class.version" value="52.0"/>
  </properties>
  <testcase name="shouldAnswerWithTrue" classname="com.schneider_electric.quickstart.AppTest" time="0.002"/>
</testsuite>